<?xml version="1.0" encoding="UTF-8"?>
<testsuite xmlns:xsi="http://www.w3.org/2001/XMLSchema-instance" xsi:noNamespaceSchemaLocation="https://maven.apache.org/surefire/maven-surefire-plugin/xsd/surefire-test-report.xsd" name="it.epicode.be.TestApiProvincia" time="3.55" tests="6" errors="2" skipped="0" failures="3">
  <properties>
[...]
</properties>
  <testcase name="salvataggioProvincia" classname="it.epicode.be.TestApiProvincia" time="0.189">
    <error message="Handler dispatch failed; nested exception is java.lang.Error: Unresolved compilation problems: &#10;	The method setId(Long) is undefined for the type ProvinciaDTO&#10;	The method setNome(String) is undefined for the type ProvinciaDTO&#10;	The method setSigla(String) is undefined for the type ProvinciaDTO&#10;	The method setRegione(String) is undefined for the type ProvinciaDTO&#10;" type="org.springframework.web.util.NestedServletException">org.springframework.web.util.NestedServletException: 
Handler dispatch failed; nested exception is java.lang.Error: Unresolved compilation problems: 
	The method setId(Long) is undefined for the type ProvinciaDTO
	The method setNome(String) is undefined for the type ProvinciaDTO
	The method setSigla(String) is undefined for the type ProvinciaDTO
	The method setRegione(String) is undefined for the type ProvinciaDTO

	at it.epicode.be.TestApiProvincia.salvataggioProvincia(TestApiProvincia.java:52)
Caused by: java.lang.Error: 
Unresolved compilation problems: 
	The method setId(Long) is undefined for the type ProvinciaDTO
	The method setNome(String) is undefined for the type ProvinciaDTO
	The method setSigla(String) is undefined for the type ProvinciaDTO
	The method setRegione(String) is undefined for the type ProvinciaDTO

	at it.epicode.be.TestApiProvincia.salvataggioProvincia(TestApiProvincia.java:52)
</error>
    <system-out><![CDATA[11:28:45.782 [main] DEBUG org.springframework.test.context.BootstrapUtils - Instantiating CacheAwareContextLoaderDelegate from class [org.springframework.test.context.cache.DefaultCacheAwareContextLoaderDelegate]
11:28:45.788 [main] DEBUG org.springframework.test.context.BootstrapUtils - Instantiating BootstrapContext using constructor [public org.springframework.test.context.support.DefaultBootstrapContext(java.lang.Class,org.springframework.test.context.CacheAwareContextLoaderDelegate)]
11:28:45.807 [main] DEBUG org.springframework.test.context.BootstrapUtils - Instantiating TestContextBootstrapper for test class [it.epicode.be.TestApiProvincia] from class [org.springframework.boot.test.context.SpringBootTestContextBootstrapper]
11:28:45.813 [main] INFO org.springframework.boot.test.context.SpringBootTestContextBootstrapper - Neither @ContextConfiguration nor @ContextHierarchy found for test class [it.epicode.be.TestApiProvincia], using SpringBootContextLoader
11:28:45.815 [main] DEBUG org.springframework.test.context.support.AbstractContextLoader - Did not detect default resource location for test class [it.epicode.be.TestApiProvincia]: class path resource [it/epicode/be/TestApiProvincia-context.xml] does not exist
11:28:45.815 [main] DEBUG org.springframework.test.context.support.AbstractContextLoader - Did not detect default resource location for test class [it.epicode.be.TestApiProvincia]: class path resource [it/epicode/be/TestApiProvinciaContext.groovy] does not exist
11:28:45.815 [main] INFO org.springframework.test.context.support.AbstractContextLoader - Could not detect default resource locations for test class [it.epicode.be.TestApiProvincia]: no resource found for suffixes {-context.xml, Context.groovy}.
11:28:45.816 [main] INFO org.springframework.test.context.support.AnnotationConfigContextLoaderUtils - Could not detect default configuration classes for test class [it.epicode.be.TestApiProvincia]: TestApiProvincia does not declare any static, non-private, non-final, nested classes annotated with @Configuration.
11:28:45.844 [main] DEBUG org.springframework.test.context.support.ActiveProfilesUtils - Could not find an 'annotation declaring class' for annotation type [org.springframework.test.context.ActiveProfiles] and class [it.epicode.be.TestApiProvincia]
11:28:45.871 [main] DEBUG org.springframework.context.annotation.ClassPathScanningCandidateComponentProvider - Identified candidate component class: file [C:\Users\LucaB\git\EPIC-ENERGY-SERVICES\target\classes\it\epicode\be\GestionaleEpicode.class]
11:28:45.872 [main] INFO org.springframework.boot.test.context.SpringBootTestContextBootstrapper - Found @SpringBootConfiguration it.epicode.be.GestionaleEpicode for test class it.epicode.be.TestApiProvincia
11:28:45.936 [main] DEBUG org.springframework.boot.test.context.SpringBootTestContextBootstrapper - @TestExecutionListeners is not present for class [it.epicode.be.TestApiProvincia]: using defaults.
11:28:45.936 [main] INFO org.springframework.boot.test.context.SpringBootTestContextBootstrapper - Loaded default TestExecutionListener class names from location [META-INF/spring.factories]: [org.springframework.boot.test.mock.mockito.MockitoTestExecutionListener, org.springframework.boot.test.mock.mockito.ResetMocksTestExecutionListener, org.springframework.boot.test.autoconfigure.restdocs.RestDocsTestExecutionListener, org.springframework.boot.test.autoconfigure.web.client.MockRestServiceServerResetTestExecutionListener, org.springframework.boot.test.autoconfigure.web.servlet.MockMvcPrintOnlyOnFailureTestExecutionListener, org.springframework.boot.test.autoconfigure.web.servlet.WebDriverTestExecutionListener, org.springframework.boot.test.autoconfigure.webservices.client.MockWebServiceServerTestExecutionListener, org.springframework.test.context.web.ServletTestExecutionListener, org.springframework.test.context.support.DirtiesContextBeforeModesTestExecutionListener, org.springframework.test.context.event.ApplicationEventsTestExecutionListener, org.springframework.test.context.support.DependencyInjectionTestExecutionListener, org.springframework.test.context.support.DirtiesContextTestExecutionListener, org.springframework.test.context.transaction.TransactionalTestExecutionListener, org.springframework.test.context.jdbc.SqlScriptsTestExecutionListener, org.springframework.test.context.event.EventPublishingTestExecutionListener, org.springframework.security.test.context.support.WithSecurityContextTestExecutionListener, org.springframework.security.test.context.support.ReactorContextTestExecutionListener]
11:28:45.947 [main] INFO org.springframework.boot.test.context.SpringBootTestContextBootstrapper - Using TestExecutionListeners: [org.springframework.test.context.web.ServletTestExecutionListener@1698fc68, org.springframework.test.context.support.DirtiesContextBeforeModesTestExecutionListener@4504d271, org.springframework.test.context.event.ApplicationEventsTestExecutionListener@207b8649, org.springframework.boot.test.mock.mockito.MockitoTestExecutionListener@65b3a85a, org.springframework.boot.test.autoconfigure.SpringBootDependencyInjectionTestExecutionListener@34997338, org.springframework.test.context.support.DirtiesContextTestExecutionListener@57eda880, org.springframework.test.context.transaction.TransactionalTestExecutionListener@2b5825fa, org.springframework.test.context.jdbc.SqlScriptsTestExecutionListener@53d1b9b3, org.springframework.test.context.event.EventPublishingTestExecutionListener@2cae1042, org.springframework.security.test.context.support.WithSecurityContextTestExecutionListener@163d04ff, org.springframework.security.test.context.support.ReactorContextTestExecutionListener@7c209437, org.springframework.boot.test.mock.mockito.ResetMocksTestExecutionListener@2262b621, org.springframework.boot.test.autoconfigure.restdocs.RestDocsTestExecutionListener@7e928e2f, org.springframework.boot.test.autoconfigure.web.client.MockRestServiceServerResetTestExecutionListener@f667fe, org.springframework.boot.test.autoconfigure.web.servlet.MockMvcPrintOnlyOnFailureTestExecutionListener@788fcafb, org.springframework.boot.test.autoconfigure.web.servlet.WebDriverTestExecutionListener@4febb875, org.springframework.boot.test.autoconfigure.webservices.client.MockWebServiceServerTestExecutionListener@25e2a451]
11:28:45.949 [main] DEBUG org.springframework.test.context.support.AbstractDirtiesContextTestExecutionListener - Before test class: context [DefaultTestContext@338494fa testClass = TestApiProvincia, testInstance = [null], testMethod = [null], testException = [null], mergedContextConfiguration = [WebMergedContextConfiguration@505a9d7c testClass = TestApiProvincia, locations = '{}', classes = '{class it.epicode.be.GestionaleEpicode}', contextInitializerClasses = '[]', activeProfiles = '{}', propertySourceLocations = '{}', propertySourceProperties = '{org.springframework.boot.test.context.SpringBootTestContextBootstrapper=true}', contextCustomizers = set[[ImportsContextCustomizer@758c83d8 key = [org.springframework.boot.test.autoconfigure.web.servlet.MockMvcAutoConfiguration, org.springframework.boot.test.autoconfigure.web.servlet.MockMvcWebClientAutoConfiguration, org.springframework.boot.test.autoconfigure.web.servlet.MockMvcWebDriverAutoConfiguration, org.springframework.boot.autoconfigure.security.oauth2.client.servlet.OAuth2ClientAutoConfiguration, org.springframework.boot.autoconfigure.security.oauth2.resource.servlet.OAuth2ResourceServerAutoConfiguration, org.springframework.boot.autoconfigure.security.servlet.SecurityAutoConfiguration, org.springframework.boot.autoconfigure.security.servlet.SecurityFilterAutoConfiguration, org.springframework.boot.autoconfigure.security.servlet.UserDetailsServiceAutoConfiguration, org.springframework.boot.test.autoconfigure.web.servlet.MockMvcSecurityConfiguration]], org.springframework.boot.test.context.filter.ExcludeFilterContextCustomizer@727eb8cb, org.springframework.boot.test.json.DuplicateJsonObjectContextCustomizerFactory$DuplicateJsonObjectContextCustomizer@5b7a8434, org.springframework.boot.test.mock.mockito.MockitoContextCustomizer@0, org.springframework.boot.test.web.client.TestRestTemplateContextCustomizer@9573584, org.springframework.boot.test.autoconfigure.actuate.metrics.MetricsExportContextCustomizerFactory$DisableMetricExportContextCustomizer@48d61b48, org.springframework.boot.test.autoconfigure.properties.PropertyMappingContextCustomizer@4b3fa0b3, org.springframework.boot.test.autoconfigure.web.servlet.WebDriverContextCustomizerFactory$Customizer@571c5681, org.springframework.boot.test.context.SpringBootTestArgs@1, org.springframework.boot.test.context.SpringBootTestWebEnvironment@6aba2b86], resourceBasePath = 'src/main/webapp', contextLoader = 'org.springframework.boot.test.context.SpringBootContextLoader', parent = [null]], attributes = map['org.springframework.test.context.web.ServletTestExecutionListener.activateListener' -> true]], class annotated with @DirtiesContext [false] with mode [null].
11:28:45.970 [main] DEBUG org.springframework.test.context.support.TestPropertySourceUtils - Adding inlined properties to environment: {spring.jmx.enabled=false, org.springframework.boot.test.context.SpringBootTestContextBootstrapper=true}

  .   ____          _            __ _ _
 /\\ / ___'_ __ _ _(_)_ __  __ _ \ \ \ \
( ( )\___ | '_ | '_| | '_ \/ _` | \ \ \ \
 \\/  ___)| |_)| | | | | || (_| |  ) ) ) )
  '  |____| .__|_| |_|_| |_\__, | / / / /
 =========|_|==============|___/=/_/_/_/
 :: Spring Boot ::                (v2.5.4)

2023-02-19 11:28:46 [TestApiProvincia] INFO> Starting TestApiProvincia using Java 15.0.2 on ELVANDAR-PC with PID 28596 (started by LucaB in C:\Users\LucaB\git\EPIC-ENERGY-SERVICES)
2023-02-19 11:28:46 [TestApiProvincia] INFO> No active profile set, falling back to default profiles: default
2023-02-19 11:28:46 [RepositoryConfigurationDelegate] INFO> Bootstrapping Spring Data JPA repositories in DEFAULT mode.
2023-02-19 11:28:46 [RepositoryConfigurationDelegate] INFO> Finished Spring Data repository scanning in 57 ms. Found 8 JPA repository interfaces.
2023-02-19 11:28:46 [PostProcessorRegistrationDelegate$BeanPostProcessorChecker] INFO> Bean 'org.springframework.security.access.expression.method.DefaultMethodSecurityExpressionHandler@2fe74516' of type [org.springframework.security.access.expression.method.DefaultMethodSecurityExpressionHandler] is not eligible for getting processed by all BeanPostProcessors (for example: not eligible for auto-proxying)
2023-02-19 11:28:46 [PostProcessorRegistrationDelegate$BeanPostProcessorChecker] INFO> Bean 'methodSecurityMetadataSource' of type [org.springframework.security.access.method.DelegatingMethodSecurityMetadataSource] is not eligible for getting processed by all BeanPostProcessors (for example: not eligible for auto-proxying)
2023-02-19 11:28:47 [LogHelper] INFO> HHH000204: Processing PersistenceUnitInfo [name: default]
2023-02-19 11:28:47 [Version] INFO> HHH000412: Hibernate ORM core version 5.4.32.Final
2023-02-19 11:28:47 [Version] INFO> HCANN000001: Hibernate Commons Annotations {5.1.2.Final}
2023-02-19 11:28:47 [HikariDataSource] INFO> HikariPool-1 - Starting...
2023-02-19 11:28:47 [HikariDataSource] INFO> HikariPool-1 - Start completed.
2023-02-19 11:28:47 [Dialect] INFO> HHH000400: Using dialect: org.hibernate.dialect.PostgreSQLDialect
2023-02-19 11:28:47 [JtaPlatformInitiator] INFO> HHH000490: Using JtaPlatform implementation: [org.hibernate.engine.transaction.jta.platform.internal.NoJtaPlatform]
2023-02-19 11:28:47 [LocalContainerEntityManagerFactoryBean] INFO> Initialized JPA EntityManagerFactory for persistence unit 'default'
2023-02-19 11:28:47 [JpaBaseConfiguration$JpaWebConfiguration] WARN> spring.jpa.open-in-view is enabled by default. Therefore, database queries may be performed during view rendering. Explicitly configure spring.jpa.open-in-view to disable this warning
2023-02-19 11:28:48 [DefaultSecurityFilterChain] INFO> Will secure any request with [org.springframework.security.web.context.request.async.WebAsyncManagerIntegrationFilter@12051d38, org.springframework.security.web.context.SecurityContextPersistenceFilter@32c8d67, org.springframework.security.web.header.HeaderWriterFilter@1791396b, org.springframework.web.filter.CorsFilter@28f3a218, org.springframework.security.web.authentication.logout.LogoutFilter@6e0f259e, it.epicode.be.security.AuthTokenFilter@c31419f, org.springframework.security.web.savedrequest.RequestCacheAwareFilter@18fa5af6, org.springframework.security.web.servletapi.SecurityContextHolderAwareRequestFilter@7bc6b117, org.springframework.security.web.authentication.AnonymousAuthenticationFilter@67730dab, org.springframework.security.web.session.SessionManagementFilter@5dff108c, org.springframework.security.web.access.ExceptionTranslationFilter@3ab70d34, org.springframework.security.web.access.intercept.FilterSecurityInterceptor@4e322108]
2023-02-19 11:28:48 [SpringBootMockServletContext] INFO> Initializing Spring TestDispatcherServlet ''
2023-02-19 11:28:48 [TestDispatcherServlet] INFO> Initializing Servlet ''
2023-02-19 11:28:48 [TestDispatcherServlet] INFO> Completed initialization in 1 ms
2023-02-19 11:28:49 [TestApiProvincia] INFO> Started TestApiProvincia in 3.029 seconds (JVM running for 3.618)
2023-02-19 11:28:49 [StartupGestionale] INFO> STARTUP GESTIONALE ENTRATO
	ciao prova
fafa
fafaf
]]></system-out>
  </testcase>
  <testcase name="getProvinciaById" classname="it.epicode.be.TestApiProvincia" time="0.01">
    <failure message="Status expected:&lt;200&gt; but was:&lt;400&gt;" type="java.lang.AssertionError"><![CDATA[java.lang.AssertionError: Status expected:<200> but was:<400>
	at it.epicode.be.TestApiProvincia.getProvinciaById(TestApiProvincia.java:73)
]]></failure>
    <system-out><![CDATA[2023-02-19 11:28:49 [DefaultHandlerExceptionResolver] WARN> Resolved [org.springframework.web.method.annotation.MethodArgumentTypeMismatchException: Failed to convert value of type 'java.lang.String' to required type 'java.lang.Long'; nested exception is java.lang.NumberFormatException: For input string: "null"]

MockHttpServletRequest:
      HTTP Method = GET
      Request URI = /api/provincia/null
       Parameters = {}
          Headers = []
             Body = null
    Session Attrs = {}

Handler:
             Type = it.epicode.be.controller.api.ProvinciaController
           Method = it.epicode.be.controller.api.ProvinciaController#getProvincia(Long)

Async:
    Async started = false
     Async result = null

Resolved Exception:
             Type = org.springframework.web.method.annotation.MethodArgumentTypeMismatchException

ModelAndView:
        View name = null
             View = null
            Model = null

FlashMap:
       Attributes = null

MockHttpServletResponse:
           Status = 400
    Error message = null
          Headers = [Vary:"Origin", "Access-Control-Request-Method", "Access-Control-Request-Headers", X-Content-Type-Options:"nosniff", X-XSS-Protection:"1; mode=block", Cache-Control:"no-cache, no-store, max-age=0, must-revalidate", Pragma:"no-cache", Expires:"0", X-Frame-Options:"DENY"]
     Content type = null
             Body = 
    Forwarded URL = null
   Redirected URL = null
          Cookies = []
]]></system-out>
  </testcase>
  <testcase name="getAllProvincia" classname="it.epicode.be.TestApiProvincia" time="0.075">
    <error message="Handler dispatch failed; nested exception is java.lang.Error: Unresolved compilation problems: &#10;	The method setId(Long) is undefined for the type ProvinciaDTO&#10;	The method setNome(String) is undefined for the type ProvinciaDTO&#10;	The method setSigla(String) is undefined for the type ProvinciaDTO&#10;	The method setRegione(String) is undefined for the type ProvinciaDTO&#10;" type="org.springframework.web.util.NestedServletException">org.springframework.web.util.NestedServletException: 
Handler dispatch failed; nested exception is java.lang.Error: Unresolved compilation problems: 
	The method setId(Long) is undefined for the type ProvinciaDTO
	The method setNome(String) is undefined for the type ProvinciaDTO
	The method setSigla(String) is undefined for the type ProvinciaDTO
	The method setRegione(String) is undefined for the type ProvinciaDTO

	at it.epicode.be.TestApiProvincia.getAllProvincia(TestApiProvincia.java:82)
Caused by: java.lang.Error: 
Unresolved compilation problems: 
	The method setId(Long) is undefined for the type ProvinciaDTO
	The method setNome(String) is undefined for the type ProvinciaDTO
	The method setSigla(String) is undefined for the type ProvinciaDTO
	The method setRegione(String) is undefined for the type ProvinciaDTO

	at it.epicode.be.TestApiProvincia.getAllProvincia(TestApiProvincia.java:82)
</error>
  </testcase>
  <testcase name="updateProvincia" classname="it.epicode.be.TestApiProvincia" time="0.006">
    <failure message="Status expected:&lt;200&gt; but was:&lt;400&gt;" type="java.lang.AssertionError"><![CDATA[java.lang.AssertionError: Status expected:<200> but was:<400>
	at it.epicode.be.TestApiProvincia.updateProvincia(TestApiProvincia.java:100)
]]></failure>
    <system-out><![CDATA[2023-02-19 11:28:49 [DefaultHandlerExceptionResolver] WARN> Resolved [org.springframework.web.method.annotation.MethodArgumentTypeMismatchException: Failed to convert value of type 'java.lang.String' to required type 'java.lang.Long'; nested exception is java.lang.NumberFormatException: For input string: "null"]

MockHttpServletRequest:
      HTTP Method = PUT
      Request URI = /api/provincia/null
       Parameters = {}
          Headers = [Content-Type:"application/json;charset=UTF-8", Content-Length:"98"]
             Body = {
    "id": "null",
    "nome": "FakestProvincia",
    "sigla": "FKP",
    "regione": "FakeLand"
}
    Session Attrs = {}

Handler:
             Type = it.epicode.be.controller.api.ProvinciaController
           Method = it.epicode.be.controller.api.ProvinciaController#update(Long, ProvinciaDTO)

Async:
    Async started = false
     Async result = null

Resolved Exception:
             Type = org.springframework.web.method.annotation.MethodArgumentTypeMismatchException

ModelAndView:
        View name = null
             View = null
            Model = null

FlashMap:
       Attributes = null

MockHttpServletResponse:
           Status = 400
    Error message = null
          Headers = [Vary:"Origin", "Access-Control-Request-Method", "Access-Control-Request-Headers", X-Content-Type-Options:"nosniff", X-XSS-Protection:"1; mode=block", Cache-Control:"no-cache, no-store, max-age=0, must-revalidate", Pragma:"no-cache", Expires:"0", X-Frame-Options:"DENY"]
     Content type = null
             Body = 
    Forwarded URL = null
   Redirected URL = null
          Cookies = []
]]></system-out>
  </testcase>
  <testcase name="updateProvinciaBadRequest" classname="it.epicode.be.TestApiProvincia" time="0.002"/>
  <testcase name="deleteProvincia" classname="it.epicode.be.TestApiProvincia" time="0.005">
    <failure message="Status expected:&lt;204&gt; but was:&lt;400&gt;" type="java.lang.AssertionError"><![CDATA[java.lang.AssertionError: Status expected:<204> but was:<400>
	at it.epicode.be.TestApiProvincia.deleteProvincia(TestApiProvincia.java:123)
]]></failure>
    <system-out><![CDATA[2023-02-19 11:28:49 [DefaultHandlerExceptionResolver] WARN> Resolved [org.springframework.web.method.annotation.MethodArgumentTypeMismatchException: Failed to convert value of type 'java.lang.String' to required type 'java.lang.Long'; nested exception is java.lang.NumberFormatException: For input string: "null"]

MockHttpServletRequest:
      HTTP Method = DELETE
      Request URI = /api/provincia/null
       Parameters = {}
          Headers = []
             Body = null
    Session Attrs = {}

Handler:
             Type = it.epicode.be.controller.api.ProvinciaController
           Method = it.epicode.be.controller.api.ProvinciaController#delete(Long)

Async:
    Async started = false
     Async result = null

Resolved Exception:
             Type = org.springframework.web.method.annotation.MethodArgumentTypeMismatchException

ModelAndView:
        View name = null
             View = null
            Model = null

FlashMap:
       Attributes = null

MockHttpServletResponse:
           Status = 400
    Error message = null
          Headers = [Vary:"Origin", "Access-Control-Request-Method", "Access-Control-Request-Headers", X-Content-Type-Options:"nosniff", X-XSS-Protection:"1; mode=block", Cache-Control:"no-cache, no-store, max-age=0, must-revalidate", Pragma:"no-cache", Expires:"0", X-Frame-Options:"DENY"]
     Content type = null
             Body = 
    Forwarded URL = null
   Redirected URL = null
          Cookies = []
]]></system-out>
  </testcase>
</testsuite>